# JRE version: Java(TM) SE Runtime Environment (8.0_161-b12) (build 1.8.0_161-b12)
# Java VM: Java HotSpot(TM) 64-Bit Server VM (25.161-b12 mixed mode windows-amd64 compressed oops)
Heap:
 PSYoungGen      total 112640K, used 14252K [0x00000000d5e00000, 0x00000000e0d00000, 0x0000000100000000)
  eden space 101888K, 3% used [0x00000000d5e00000,0x00000000d616db78,0x00000000dc180000)
  from space 10752K, 99% used [0x00000000dc180000,0x00000000dcbfd7b0,0x00000000dcc00000)
  to   space 14336K, 0% used [0x00000000dff00000,0x00000000dff00000,0x00000000e0d00000)
 ParOldGen       total 57856K, used 15890K [0x0000000081a00000, 0x0000000085280000, 0x00000000d5e00000)
  object space 57856K, 27% used [0x0000000081a00000,0x0000000082984808,0x0000000085280000)
 Metaspace       used 32591K, capacity 34008K, committed 34176K, reserved 1079296K
  class space    used 4384K, capacity 4682K, committed 4736K, reserved 1048576K
GC Heap History (10 events):
Event: 2.727 GC heap before
{Heap before GC invocations=4 (full 0):
 PSYoungGen      total 38400K, used 31933K [0x00000000d5e00000, 0x00000000da900000, 0x0000000100000000)
  eden space 33280K, 80% used [0x00000000d5e00000,0x00000000d7835568,0x00000000d7e80000)
  from space 5120K, 99% used [0x00000000d7e80000,0x00000000d837a020,0x00000000d8380000)
  to   space 5120K, 0% used [0x00000000da400000,0x00000000da400000,0x00000000da900000)
 ParOldGen       total 87552K, used 2955K [0x0000000081a00000, 0x0000000086f80000, 0x00000000d5e00000)
  object space 87552K, 3% used [0x0000000081a00000,0x0000000081ce2df8,0x0000000086f80000)
 Metaspace       used 20650K, capacity 21230K, committed 21296K, reserved 1067008K
  class space    used 2749K, capacity 2922K, committed 2944K, reserved 1048576K
Event: 2.773 GC heap after
Heap after GC invocations=4 (full 0):
 PSYoungGen      total 71680K, used 5112K [0x00000000d5e00000, 0x00000000da900000, 0x0000000100000000)
  eden space 66560K, 0% used [0x00000000d5e00000,0x00000000d5e00000,0x00000000d9f00000)
  from space 5120K, 99% used [0x00000000da400000,0x00000000da8fe030,0x00000000da900000)
  to   space 5120K, 0% used [0x00000000d9f00000,0x00000000d9f00000,0x00000000da400000)
 ParOldGen       total 87552K, used 5824K [0x0000000081a00000, 0x0000000086f80000, 0x00000000d5e00000)
  object space 87552K, 6% used [0x0000000081a00000,0x0000000081fb0270,0x0000000086f80000)
 Metaspace       used 20650K, capacity 21230K, committed 21296K, reserved 1067008K
  class space    used 2749K, capacity 2922K, committed 2944K, reserved 1048576K
}
Event: 2.773 GC heap before
{Heap before GC invocations=5 (full 1):
 PSYoungGen      total 71680K, used 5112K [0x00000000d5e00000, 0x00000000da900000, 0x0000000100000000)
  eden space 66560K, 0% used [0x00000000d5e00000,0x00000000d5e00000,0x00000000d9f00000)
  from space 5120K, 99% used [0x00000000da400000,0x00000000da8fe030,0x00000000da900000)
  to   space 5120K, 0% used [0x00000000d9f00000,0x00000000d9f00000,0x00000000da400000)
 ParOldGen       total 87552K, used 5824K [0x0000000081a00000, 0x0000000086f80000, 0x00000000d5e00000)
  object space 87552K, 6% used [0x0000000081a00000,0x0000000081fb0270,0x0000000086f80000)
 Metaspace       used 20650K, capacity 21230K, committed 21296K, reserved 1067008K
  class space    used 2749K, capacity 2922K, committed 2944K, reserved 1048576K
Event: 2.869 GC heap after
Heap after GC invocations=5 (full 1):
 PSYoungGen      total 71680K, used 0K [0x00000000d5e00000, 0x00000000da900000, 0x0000000100000000)
  eden space 66560K, 0% used [0x00000000d5e00000,0x00000000d5e00000,0x00000000d9f00000)
  from space 5120K, 0% used [0x00000000da400000,0x00000000da400000,0x00000000da900000)
  to   space 5120K, 0% used [0x00000000d9f00000,0x00000000d9f00000,0x00000000da400000)
 ParOldGen       total 57856K, used 7832K [0x0000000081a00000, 0x0000000085280000, 0x00000000d5e00000)
  object space 57856K, 13% used [0x0000000081a00000,0x00000000821a6350,0x0000000085280000)
 Metaspace       used 20650K, capacity 21230K, committed 21296K, reserved 1067008K
  class space    used 2749K, capacity 2922K, committed 2944K, reserved 1048576K
}
Event: 3.889 GC heap before
{Heap before GC invocations=6 (full 1):
 PSYoungGen      total 71680K, used 66560K [0x00000000d5e00000, 0x00000000da900000, 0x0000000100000000)
  eden space 66560K, 100% used [0x00000000d5e00000,0x00000000d9f00000,0x00000000d9f00000)
  from space 5120K, 0% used [0x00000000da400000,0x00000000da400000,0x00000000da900000)
  to   space 5120K, 0% used [0x00000000d9f00000,0x00000000d9f00000,0x00000000da400000)
 ParOldGen       total 57856K, used 7832K [0x0000000081a00000, 0x0000000085280000, 0x00000000d5e00000)
  object space 57856K, 13% used [0x0000000081a00000,0x00000000821a6350,0x0000000085280000)
 Metaspace       used 23007K, capacity 23912K, committed 24064K, reserved 1071104K
  class space    used 3100K, capacity 3310K, committed 3328K, reserved 1048576K
Event: 3.896 GC heap after
Heap after GC invocations=6 (full 1):
 PSYoungGen      total 71680K, used 5117K [0x00000000d5e00000, 0x00000000dd680000, 0x0000000100000000)
  eden space 66560K, 0% used [0x00000000d5e00000,0x00000000d5e00000,0x00000000d9f00000)
  from space 5120K, 99% used [0x00000000d9f00000,0x00000000da3ff7e0,0x00000000da400000)
  to   space 9216K, 0% used [0x00000000dcd80000,0x00000000dcd80000,0x00000000dd680000)
 ParOldGen       total 57856K, used 10428K [0x0000000081a00000, 0x0000000085280000, 0x00000000d5e00000)
  object space 57856K, 18% used [0x0000000081a00000,0x000000008242f120,0x0000000085280000)
 Metaspace       used 23007K, capacity 23912K, committed 24064K, reserved 1071104K
  class space    used 3100K, capacity 3310K, committed 3328K, reserved 1048576K
}
Event: 4.671 GC heap before
{Heap before GC invocations=7 (full 1):
 PSYoungGen      total 71680K, used 71677K [0x00000000d5e00000, 0x00000000dd680000, 0x0000000100000000)
  eden space 66560K, 100% used [0x00000000d5e00000,0x00000000d9f00000,0x00000000d9f00000)
  from space 5120K, 99% used [0x00000000d9f00000,0x00000000da3ff7e0,0x00000000da400000)
  to   space 9216K, 0% used [0x00000000dcd80000,0x00000000dcd80000,0x00000000dd680000)
 ParOldGen       total 57856K, used 10428K [0x0000000081a00000, 0x0000000085280000, 0x00000000d5e00000)
  object space 57856K, 18% used [0x0000000081a00000,0x000000008242f120,0x0000000085280000)
 Metaspace       used 25831K, capacity 26812K, committed 27136K, reserved 1073152K
  class space    used 3511K, capacity 3740K, committed 3840K, reserved 1048576K
Event: 4.681 GC heap after
Heap after GC invocations=7 (full 1):
 PSYoungGen      total 110592K, used 9187K [0x00000000d5e00000, 0x00000000dd680000, 0x0000000100000000)
  eden space 101376K, 0% used [0x00000000d5e00000,0x00000000d5e00000,0x00000000dc100000)
  from space 9216K, 99% used [0x00000000dcd80000,0x00000000dd678f70,0x00000000dd680000)
  to   space 10752K, 0% used [0x00000000dc180000,0x00000000dc180000,0x00000000dcc00000)
 ParOldGen       total 57856K, used 11082K [0x0000000081a00000, 0x0000000085280000, 0x00000000d5e00000)
  object space 57856K, 19% used [0x0000000081a00000,0x00000000824d2bd8,0x0000000085280000)
 Metaspace       used 25831K, capacity 26812K, committed 27136K, reserved 1073152K
  class space    used 3511K, capacity 3740K, committed 3840K, reserved 1048576K
}
Event: 5.866 GC heap before
{Heap before GC invocations=8 (full 1):
 PSYoungGen      total 110592K, used 110563K [0x00000000d5e00000, 0x00000000dd680000, 0x0000000100000000)
  eden space 101376K, 100% used [0x00000000d5e00000,0x00000000dc100000,0x00000000dc100000)
  from space 9216K, 99% used [0x00000000dcd80000,0x00000000dd678f70,0x00000000dd680000)
  to   space 10752K, 0% used [0x00000000dc180000,0x00000000dc180000,0x00000000dcc00000)
 ParOldGen       total 57856K, used 11082K [0x0000000081a00000, 0x0000000085280000, 0x00000000d5e00000)
  object space 57856K, 19% used [0x0000000081a00000,0x00000000824d2bd8,0x0000000085280000)
 Metaspace       used 32573K, capacity 34008K, committed 34176K, reserved 1079296K
  class space    used 4381K, capacity 4682K, committed 4736K, reserved 1048576K
Event: 5.886 GC heap after
Heap after GC invocations=8 (full 1):
 PSYoungGen      total 112640K, used 10741K [0x00000000d5e00000, 0x00000000e0d00000, 0x0000000100000000)
  eden space 101888K, 0% used [0x00000000d5e00000,0x00000000d5e00000,0x00000000dc180000)
  from space 10752K, 99% used [0x00000000dc180000,0x00000000dcbfd7b0,0x00000000dcc00000)
  to   space 14336K, 0% used [0x00000000dff00000,0x00000000dff00000,0x00000000e0d00000)
 ParOldGen       total 57856K, used 15890K [0x0000000081a00000, 0x0000000085280000, 0x00000000d5e00000)
  object space 57856K, 27% used [0x0000000081a00000,0x0000000082984808,0x0000000085280000)
 Metaspace       used 32573K, capacity 34008K, committed 34176K, reserved 1079296K
  class space    used 4381K, capacity 4682K, committed 4736K, reserved 1048576K
}

