# JRE version: Java(TM) SE Runtime Environment (8.0_161-b12) (build 1.8.0_161-b12)
# Java VM: Java HotSpot(TM) 64-Bit Server VM (25.161-b12 mixed mode windows-amd64 compressed oops)
Heap:
 PSYoungGen      total 158208K, used 144774K [0x00000000d5e00000, 0x00000000e2600000, 0x0000000100000000)
  eden space 142336K, 95% used [0x00000000d5e00000,0x00000000de25bd88,0x00000000de900000)
  from space 15872K, 58% used [0x00000000de900000,0x00000000df205de8,0x00000000df880000)
  to   space 15360K, 0% used [0x00000000e1700000,0x00000000e1700000,0x00000000e2600000)
 ParOldGen       total 102912K, used 20273K [0x0000000081a00000, 0x0000000087e80000, 0x00000000d5e00000)
  object space 102912K, 19% used [0x0000000081a00000,0x0000000082dcc730,0x0000000087e80000)
 Metaspace       used 43668K, capacity 45546K, committed 45824K, reserved 1089536K
  class space    used 5766K, capacity 6116K, committed 6144K, reserved 1048576K
GC Heap History (10 events):
Event: 4.050 GC heap before
{Heap before GC invocations=7 (full 1):
 PSYoungGen      total 71680K, used 71648K [0x00000000d5e00000, 0x00000000dd000000, 0x0000000100000000)
  eden space 66560K, 100% used [0x00000000d5e00000,0x00000000d9f00000,0x00000000d9f00000)
  from space 5120K, 99% used [0x00000000d9f00000,0x00000000da3f8380,0x00000000da400000)
  to   space 9216K, 0% used [0x00000000dc700000,0x00000000dc700000,0x00000000dd000000)
 ParOldGen       total 61952K, used 10750K [0x0000000081a00000, 0x0000000085680000, 0x00000000d5e00000)
  object space 61952K, 17% used [0x0000000081a00000,0x000000008247fb40,0x0000000085680000)
 Metaspace       used 25916K, capacity 26924K, committed 27136K, reserved 1073152K
  class space    used 3542K, capacity 3774K, committed 3840K, reserved 1048576K
Event: 4.058 GC heap after
Heap after GC invocations=7 (full 1):
 PSYoungGen      total 105984K, used 9191K [0x00000000d5e00000, 0x00000000dd280000, 0x0000000100000000)
  eden space 96768K, 0% used [0x00000000d5e00000,0x00000000d5e00000,0x00000000dbc80000)
  from space 9216K, 99% used [0x00000000dc700000,0x00000000dcff9c48,0x00000000dd000000)
  to   space 10752K, 0% used [0x00000000dbc80000,0x00000000dbc80000,0x00000000dc700000)
 ParOldGen       total 61952K, used 11250K [0x0000000081a00000, 0x0000000085680000, 0x00000000d5e00000)
  object space 61952K, 18% used [0x0000000081a00000,0x00000000824fcac8,0x0000000085680000)
 Metaspace       used 25916K, capacity 26924K, committed 27136K, reserved 1073152K
  class space    used 3542K, capacity 3774K, committed 3840K, reserved 1048576K
}
Event: 4.987 GC heap before
{Heap before GC invocations=8 (full 1):
 PSYoungGen      total 105984K, used 105959K [0x00000000d5e00000, 0x00000000dd280000, 0x0000000100000000)
  eden space 96768K, 100% used [0x00000000d5e00000,0x00000000dbc80000,0x00000000dbc80000)
  from space 9216K, 99% used [0x00000000dc700000,0x00000000dcff9c48,0x00000000dd000000)
  to   space 10752K, 0% used [0x00000000dbc80000,0x00000000dbc80000,0x00000000dc700000)
 ParOldGen       total 61952K, used 11250K [0x0000000081a00000, 0x0000000085680000, 0x00000000d5e00000)
  object space 61952K, 18% used [0x0000000081a00000,0x00000000824fcac8,0x0000000085680000)
 Metaspace       used 32563K, capacity 34012K, committed 34176K, reserved 1079296K
  class space    used 4389K, capacity 4682K, committed 4736K, reserved 1048576K
Event: 5.008 GC heap after
Heap after GC invocations=8 (full 1):
 PSYoungGen      total 107520K, used 10740K [0x00000000d5e00000, 0x00000000e0680000, 0x0000000100000000)
  eden space 96768K, 0% used [0x00000000d5e00000,0x00000000d5e00000,0x00000000dbc80000)
  from space 10752K, 99% used [0x00000000dbc80000,0x00000000dc6fd390,0x00000000dc700000)
  to   space 14336K, 0% used [0x00000000df880000,0x00000000df880000,0x00000000e0680000)
 ParOldGen       total 61952K, used 15491K [0x0000000081a00000, 0x0000000085680000, 0x00000000d5e00000)
  object space 61952K, 25% used [0x0000000081a00000,0x0000000082920f28,0x0000000085680000)
 Metaspace       used 32563K, capacity 34012K, committed 34176K, reserved 1079296K
  class space    used 4389K, capacity 4682K, committed 4736K, reserved 1048576K
}
Event: 5.452 GC heap before
{Heap before GC invocations=9 (full 1):
 PSYoungGen      total 107520K, used 77686K [0x00000000d5e00000, 0x00000000e0680000, 0x0000000100000000)
  eden space 96768K, 69% used [0x00000000d5e00000,0x00000000d9f60740,0x00000000dbc80000)
  from space 10752K, 99% used [0x00000000dbc80000,0x00000000dc6fd390,0x00000000dc700000)
  to   space 14336K, 0% used [0x00000000df880000,0x00000000df880000,0x00000000e0680000)
 ParOldGen       total 61952K, used 15491K [0x0000000081a00000, 0x0000000085680000, 0x00000000d5e00000)
  object space 61952K, 25% used [0x0000000081a00000,0x0000000082920f28,0x0000000085680000)
 Metaspace       used 33848K, capacity 35342K, committed 35496K, reserved 1079296K
  class space    used 4560K, capacity 4859K, committed 4864K, reserved 1048576K
Event: 5.470 GC heap after
Heap after GC invocations=9 (full 1):
 PSYoungGen      total 156672K, used 13869K [0x00000000d5e00000, 0x00000000e0f80000, 0x0000000100000000)
  eden space 142336K, 0% used [0x00000000d5e00000,0x00000000d5e00000,0x00000000de900000)
  from space 14336K, 96% used [0x00000000df880000,0x00000000e060b738,0x00000000e0680000)
  to   space 15872K, 0% used [0x00000000de900000,0x00000000de900000,0x00000000df880000)
 ParOldGen       total 61952K, used 15491K [0x0000000081a00000, 0x0000000085680000, 0x00000000d5e00000)
  object space 61952K, 25% used [0x0000000081a00000,0x0000000082920f28,0x0000000085680000)
 Metaspace       used 33848K, capacity 35342K, committed 35496K, reserved 1079296K
  class space    used 4560K, capacity 4859K, committed 4864K, reserved 1048576K
}
Event: 5.470 GC heap before
{Heap before GC invocations=10 (full 2):
 PSYoungGen      total 156672K, used 13869K [0x00000000d5e00000, 0x00000000e0f80000, 0x0000000100000000)
  eden space 142336K, 0% used [0x00000000d5e00000,0x00000000d5e00000,0x00000000de900000)
  from space 14336K, 96% used [0x00000000df880000,0x00000000e060b738,0x00000000e0680000)
  to   space 15872K, 0% used [0x00000000de900000,0x00000000de900000,0x00000000df880000)
 ParOldGen       total 61952K, used 15491K [0x0000000081a00000, 0x0000000085680000, 0x00000000d5e00000)
  object space 61952K, 25% used [0x0000000081a00000,0x0000000082920f28,0x0000000085680000)
 Metaspace       used 33848K, capacity 35342K, committed 35496K, reserved 1079296K
  class space    used 4560K, capacity 4859K, committed 4864K, reserved 1048576K
Event: 5.595 GC heap after
Heap after GC invocations=10 (full 2):
 PSYoungGen      total 156672K, used 0K [0x00000000d5e00000, 0x00000000e0f80000, 0x0000000100000000)
  eden space 142336K, 0% used [0x00000000d5e00000,0x00000000d5e00000,0x00000000de900000)
  from space 14336K, 0% used [0x00000000df880000,0x00000000df880000,0x00000000e0680000)
  to   space 15872K, 0% used [0x00000000de900000,0x00000000de900000,0x00000000df880000)
 ParOldGen       total 102912K, used 20265K [0x0000000081a00000, 0x0000000087e80000, 0x00000000d5e00000)
  object space 102912K, 19% used [0x0000000081a00000,0x0000000082dca730,0x0000000087e80000)
 Metaspace       used 33848K, capacity 35342K, committed 35496K, reserved 1079296K
  class space    used 4560K, capacity 4859K, committed 4864K, reserved 1048576K
}
Event: 12.607 GC heap before
{Heap before GC invocations=11 (full 2):
 PSYoungGen      total 156672K, used 142336K [0x00000000d5e00000, 0x00000000e0f80000, 0x0000000100000000)
  eden space 142336K, 100% used [0x00000000d5e00000,0x00000000de900000,0x00000000de900000)
  from space 14336K, 0% used [0x00000000df880000,0x00000000df880000,0x00000000e0680000)
  to   space 15872K, 0% used [0x00000000de900000,0x00000000de900000,0x00000000df880000)
 ParOldGen       total 102912K, used 20265K [0x0000000081a00000, 0x0000000087e80000, 0x00000000d5e00000)
  object space 102912K, 19% used [0x0000000081a00000,0x0000000082dca730,0x0000000087e80000)
 Metaspace       used 37827K, capacity 39628K, committed 39808K, reserved 1083392K
  class space    used 5089K, capacity 5429K, committed 5504K, reserved 1048576K
Event: 12.618 GC heap after
Heap after GC invocations=11 (full 2):
 PSYoungGen      total 158208K, used 9239K [0x00000000d5e00000, 0x00000000e2600000, 0x0000000100000000)
  eden space 142336K, 0% used [0x00000000d5e00000,0x00000000d5e00000,0x00000000de900000)
  from space 15872K, 58% used [0x00000000de900000,0x00000000df205de8,0x00000000df880000)
  to   space 15360K, 0% used [0x00000000e1700000,0x00000000e1700000,0x00000000e2600000)
 ParOldGen       total 102912K, used 20273K [0x0000000081a00000, 0x0000000087e80000, 0x00000000d5e00000)
  object space 102912K, 19% used [0x0000000081a00000,0x0000000082dcc730,0x0000000087e80000)
 Metaspace       used 37827K, capacity 39628K, committed 39808K, reserved 1083392K
  class space    used 5089K, capacity 5429K, committed 5504K, reserved 1048576K
}

